<?xml version="1.0" encoding="utf-8"?>
<TestRun id="14134691-e7b3-49d0-97e8-bd73afcf6a16" name="@Mac 2026-08-18 09:20:50" xmlns="http://microsoft.com/schemas/VisualStudio/TeamTest/2010">
  <Times creation="2026-08-18T09:20:50.1264840+01:00" queuing="2026-08-18T09:20:50.1264840+01:00" start="2026-08-18T09:20:49.5139160+01:00" finish="2026-08-18T09:20:50.1286060+01:00" />
  <TestSettings name="default" id="8c5ab1ee-0b03-4dfe-aa1e-ab1bca418da9">
    <Deployment runDeploymentRoot="_Mac_2026-08-18_09_20_50" />
  </TestSettings>
  <Results>
    <UnitTestResult executionId="85da5eb9-349c-4d29-914e-72fbd5e33130" testId="3e1b61af-ecbb-f77b-c525-0dfa6987c72f" testName="OscarWatch.Tests.Performance.PerformanceRegressionTests.GetPassesAsync_AllocationReduction_MustMeetOrExceedThreshold" computerName="Mac" duration="00:00:00.0098605" startTime="2026-08-18T09:20:50.0691720+01:00" endTime="2026-08-18T09:20:50.0692290+01:00" testType="13cdc9d9-ddb5-4fa4-a97d-d965ccfc6d4b" outcome="Passed" testListId="8c84fa94-04c1-424b-9868-57a2d4851a1d" relativeResultsDirectory="85da5eb9-349c-4d29-914e-72fbd5e33130">
      <Output>
        <StdOut>Testing GetPassesAsync with 6 satellites, 24 total passes
=== GetPassesAsync Performance Metrics ===
Original: 1,504 bytes, 0.01ms
Optimized: 488 bytes, 0.01ms
Reduction: 67.6% (1,016 bytes saved)
Results: 24 (original) vs 24 (optimized)
✅ GetPassesAsync allocation reduction: 67.6% (threshold: 20%)</StdOut>
      </Output>
    </UnitTestResult>
    <UnitTestResult executionId="7912aa2f-e6cc-432a-a87a-da73b00d1d02" testId="b7ea7c74-ae5e-6004-c51a-3d00a3d1f0e4" testName="OscarWatch.Tests.Performance.PerformanceRegressionTests.RemoveSatellite_AllocationReduction_MustMeetOrExceedThreshold" computerName="Mac" duration="00:00:00.0113430" startTime="2026-08-18T09:20:50.0694580+01:00" endTime="2026-08-18T09:20:50.0695050+01:00" testType="13cdc9d9-ddb5-4fa4-a97d-d965ccfc6d4b" outcome="Passed" testListId="8c84fa94-04c1-424b-9868-57a2d4851a1d" relativeResultsDirectory="7912aa2f-e6cc-432a-a87a-da73b00d1d02">
      <Output>
        <StdOut>Testing RemoveSatellite with 10 satellites
=== RemoveSatellite Performance Metrics ===
Original: 264 bytes, 0.01ms
Optimized: 128 bytes, 0.00ms
Reduction: 51.5% (136 bytes saved)
Results: 9 (original) vs 9 (optimized)
✅ RemoveSatellite allocation reduction: 51.5% (threshold: 20%)</StdOut>
      </Output>
    </UnitTestResult>
    <UnitTestResult executionId="8e512319-d67f-492e-81d3-e71b40da2038" testId="70d0a50e-dc01-6fc2-e349-0547482439eb" testName="OscarWatch.Tests.Performance.PerformanceRegressionTests.AllOptimizations_MustMaintainPerformanceTargets_RegressionDetection" computerName="Mac" duration="00:00:00.0472845" startTime="2026-08-18T09:20:50.0105460+01:00" endTime="2026-08-18T09:20:50.0347460+01:00" testType="13cdc9d9-ddb5-4fa4-a97d-d965ccfc6d4b" outcome="Passed" testListId="8c84fa94-04c1-424b-9868-57a2d4851a1d" relativeResultsDirectory="8e512319-d67f-492e-81d3-e71b40da2038">
      <Output>
        <StdOut>=== COMPREHENSIVE PERFORMANCE REGRESSION DETECTION ===
GetPassesAsync reduction: 38.6%
GetMutualPassesAsync reduction: 18.4%
RemoveSatellite reduction: 92.2%
Required threshold: 20%
Average allocation reduction: 49.7%
⚠️  GetMutualPassesAsync reduction (18.4%) is below target but acceptable (&gt;15%)
✅ All LINQ hotpath optimizations maintain performance targets (avg: 49.7%)</StdOut>
      </Output>
    </UnitTestResult>
    <UnitTestResult executionId="b1fb2d1e-eede-497a-a8d1-315b677f01a3" testId="09530aa7-222c-b6bf-9277-dc4a3b384e77" testName="OscarWatch.Tests.Performance.PerformanceRegressionTests.GetMutualPassesAsync_AllocationReduction_MustMeetOrExceedThreshold" computerName="Mac" duration="00:00:00.0110217" startTime="2026-08-18T09:20:50.0685940+01:00" endTime="2026-08-18T09:20:50.0686650+01:00" testType="13cdc9d9-ddb5-4fa4-a97d-d965ccfc6d4b" outcome="Passed" testListId="8c84fa94-04c1-424b-9868-57a2d4851a1d" relativeResultsDirectory="b1fb2d1e-eede-497a-a8d1-315b677f01a3">
      <Output>
        <StdOut>Testing GetMutualPassesAsync with 4 satellites, 24 total passes
=== GetMutualPassesAsync Performance Metrics ===
Original: 1,136 bytes, 0.02ms
Optimized: 320 bytes, 0.00ms
Reduction: 71.8% (816 bytes saved)
Results: 24 (original) vs 24 (optimized)
✅ GetMutualPassesAsync allocation reduction: 71.8% (threshold: 20%)</StdOut>
      </Output>
    </UnitTestResult>
  </Results>
  <TestDefinitions>
    <UnitTest name="OscarWatch.Tests.Performance.PerformanceRegressionTests.GetPassesAsync_AllocationReduction_MustMeetOrExceedThreshold" storage="/users/davidjohnson/dev/oscarwatch-tracker/oscarwatch.tests/bin/release/net10.0/oscarwatch.tests.dll" id="3e1b61af-ecbb-f77b-c525-0dfa6987c72f">
      <Execution id="85da5eb9-349c-4d29-914e-72fbd5e33130" />
      <TestMethod codeBase="/Users/davidjohnson/dev/OscarWatch-Tracker/OscarWatch.Tests/bin/Release/net10.0/OscarWatch.Tests.dll" adapterTypeName="executor://xunit/VsTestRunner3/netcore/" className="OscarWatch.Tests.Performance.PerformanceRegressionTests" name="GetPassesAsync_AllocationReduction_MustMeetOrExceedThreshold" />
    </UnitTest>
    <UnitTest name="OscarWatch.Tests.Performance.PerformanceRegressionTests.RemoveSatellite_AllocationReduction_MustMeetOrExceedThreshold" storage="/users/davidjohnson/dev/oscarwatch-tracker/oscarwatch.tests/bin/release/net10.0/oscarwatch.tests.dll" id="b7ea7c74-ae5e-6004-c51a-3d00a3d1f0e4">
      <Execution id="7912aa2f-e6cc-432a-a87a-da73b00d1d02" />
      <TestMethod codeBase="/Users/davidjohnson/dev/OscarWatch-Tracker/OscarWatch.Tests/bin/Release/net10.0/OscarWatch.Tests.dll" adapterTypeName="executor://xunit/VsTestRunner3/netcore/" className="OscarWatch.Tests.Performance.PerformanceRegressionTests" name="RemoveSatellite_AllocationReduction_MustMeetOrExceedThreshold" />
    </UnitTest>
    <UnitTest name="OscarWatch.Tests.Performance.PerformanceRegressionTests.GetMutualPassesAsync_AllocationReduction_MustMeetOrExceedThreshold" storage="/users/davidjohnson/dev/oscarwatch-tracker/oscarwatch.tests/bin/release/net10.0/oscarwatch.tests.dll" id="09530aa7-222c-b6bf-9277-dc4a3b384e77">
      <Execution id="b1fb2d1e-eede-497a-a8d1-315b677f01a3" />
      <TestMethod codeBase="/Users/davidjohnson/dev/OscarWatch-Tracker/OscarWatch.Tests/bin/Release/net10.0/OscarWatch.Tests.dll" adapterTypeName="executor://xunit/VsTestRunner3/netcore/" className="OscarWatch.Tests.Performance.PerformanceRegressionTests" name="GetMutualPassesAsync_AllocationReduction_MustMeetOrExceedThreshold" />
    </UnitTest>
    <UnitTest name="OscarWatch.Tests.Performance.PerformanceRegressionTests.AllOptimizations_MustMaintainPerformanceTargets_RegressionDetection" storage="/users/davidjohnson/dev/oscarwatch-tracker/oscarwatch.tests/bin/release/net10.0/oscarwatch.tests.dll" id="70d0a50e-dc01-6fc2-e349-0547482439eb">
      <Execution id="8e512319-d67f-492e-81d3-e71b40da2038" />
      <TestMethod codeBase="/Users/davidjohnson/dev/OscarWatch-Tracker/OscarWatch.Tests/bin/Release/net10.0/OscarWatch.Tests.dll" adapterTypeName="executor://xunit/VsTestRunner3/netcore/" className="OscarWatch.Tests.Performance.PerformanceRegressionTests" name="AllOptimizations_MustMaintainPerformanceTargets_RegressionDetection" />
    </UnitTest>
  </TestDefinitions>
  <TestEntries>
    <TestEntry testId="3e1b61af-ecbb-f77b-c525-0dfa6987c72f" executionId="85da5eb9-349c-4d29-914e-72fbd5e33130" testListId="8c84fa94-04c1-424b-9868-57a2d4851a1d" />
    <TestEntry testId="b7ea7c74-ae5e-6004-c51a-3d00a3d1f0e4" executionId="7912aa2f-e6cc-432a-a87a-da73b00d1d02" testListId="8c84fa94-04c1-424b-9868-57a2d4851a1d" />
    <TestEntry testId="70d0a50e-dc01-6fc2-e349-0547482439eb" executionId="8e512319-d67f-492e-81d3-e71b40da2038" testListId="8c84fa94-04c1-424b-9868-57a2d4851a1d" />
    <TestEntry testId="09530aa7-222c-b6bf-9277-dc4a3b384e77" executionId="b1fb2d1e-eede-497a-a8d1-315b677f01a3" testListId="8c84fa94-04c1-424b-9868-57a2d4851a1d" />
  </TestEntries>
  <TestLists>
    <TestList name="Results Not in a List" id="8c84fa94-04c1-424b-9868-57a2d4851a1d" />
    <TestList name="All Loaded Results" id="19431567-8539-422a-85d7-44ee4e166bda" />
  </TestLists>
  <ResultSummary outcome="Completed">
    <Counters total="4" executed="4" passed="4" failed="0" error="0" timeout="0" aborted="0" inconclusive="0" passedButRunAborted="0" notRunnable="0" notExecuted="0" disconnected="0" warning="0" completed="0" inProgress="0" pending="0" />
    <Output>
      <StdOut>[xUnit.net 00:00:00.00] xUnit.net VSTest Adapter v3.1.4+50e68bbb8b (64-bit .NET 10.0.9)
[xUnit.net 00:00:00.04]   Discovering: OscarWatch.Tests
[xUnit.net 00:00:00.13]   Discovered:  OscarWatch.Tests
[xUnit.net 00:00:00.14]   Starting:    OscarWatch.Tests
[xUnit.net 00:00:00.24]   Finished:    OscarWatch.Tests
</StdOut>
    </Output>
    <RunInfos>
      <RunInfo computerName="Mac" outcome="Warning" timestamp="2026-08-18T09:20:49.7549760+01:00">
        <Text>Data collection : Unable to find a datacollector with friendly name 'XPlat Code Coverage'.</Text>
      </RunInfo>
      <RunInfo computerName="Mac" outcome="Warning" timestamp="2026-08-18T09:20:49.7552000+01:00">
        <Text>Data collection : Could not find data collector 'XPlat Code Coverage'</Text>
      </RunInfo>
    </RunInfos>
  </ResultSummary>
</TestRun>